# JRE version: OpenJDK Runtime Environment Temurin-21.0.9+10 (21.0.9+10) (build 21.0.9+10-LTS)
# Java VM: OpenJDK 64-Bit Server VM Temurin-21.0.9+10 (21.0.9+10-LTS, mixed mode, sharing, tiered, compressed oops, compressed class ptrs, parallel gc, windows-amd64)
GC Precious Log:
 CardTable entry size: 512
 CPUs: 16 total, 16 available
 Memory: 16088M
 Large Page Support: Disabled
 NUMA Support: Disabled
 Compressed Oops: Enabled (32-bit)
 Alignments: Space 512K, Generation 512K, Heap 2M
 Heap Min Capacity: 100M
 Heap Initial Capacity: 100M
 Heap Max Capacity: 2G
 Pre-touch: Disabled
 Parallel Workers: 13
Heap:
 PSYoungGen      total 6656K, used 3590K [0x00000000d5580000, 0x00000000d5e80000, 0x0000000100000000)
  eden space 5632K, 49% used [0x00000000d5580000,0x00000000d583f548,0x00000000d5b00000)
  from space 1024K, 75% used [0x00000000d5d80000,0x00000000d5e42400,0x00000000d5e80000)
  to   space 1024K, 0% used [0x00000000d5b00000,0x00000000d5b00000,0x00000000d5c00000)
 ParOldGen       total 900096K, used 899925K [0x0000000080000000, 0x00000000b6f00000, 0x00000000d5580000)
  object space 900096K, 99% used [0x0000000080000000,0x00000000b6ed5638,0x00000000b6f00000)
 Metaspace       used 83331K, committed 85184K, reserved 1179648K
  class space    used 8330K, committed 9152K, reserved 1048576K
GC Heap History (20 events):
Event: 1686.167 GC heap before
{Heap before GC invocations=1607 (full 4):
 PSYoungGen      total 5120K, used 5024K [0x00000000d5580000, 0x00000000d5e00000, 0x0000000100000000)
  eden space 4608K, 100% used [0x00000000d5580000,0x00000000d5a00000,0x00000000d5a00000)
  from space 512K, 81% used [0x00000000d5d80000,0x00000000d5de8000,0x00000000d5e00000)
  to   space 512K, 0% used [0x00000000d5d00000,0x00000000d5d00000,0x00000000d5d80000)
 ParOldGen       total 895488K, used 895192K [0x0000000080000000, 0x00000000b6a80000, 0x00000000d5580000)
  object space 895488K, 99% used [0x0000000080000000,0x00000000b6a361c8,0x00000000b6a80000)
 Metaspace       used 83296K, committed 85184K, reserved 1179648K
  class space    used 8330K, committed 9152K, reserved 1048576K
}
Event: 1686.169 GC heap after
{Heap after GC invocations=1607 (full 4):
 PSYoungGen      total 5120K, used 500K [0x00000000d5580000, 0x00000000d5e00000, 0x0000000100000000)
  eden space 4608K, 0% used [0x00000000d5580000,0x00000000d5580000,0x00000000d5a00000)
  from space 512K, 97% used [0x00000000d5d00000,0x00000000d5d7d200,0x00000000d5d80000)
  to   space 512K, 0% used [0x00000000d5d80000,0x00000000d5d80000,0x00000000d5e00000)
 ParOldGen       total 896000K, used 895564K [0x0000000080000000, 0x00000000b6b00000, 0x00000000d5580000)
  object space 896000K, 99% used [0x0000000080000000,0x00000000b6a931e8,0x00000000b6b00000)
 Metaspace       used 83296K, committed 85184K, reserved 1179648K
  class space    used 8330K, committed 9152K, reserved 1048576K
}
Event: 1686.369 GC heap before
{Heap before GC invocations=1608 (full 4):
 PSYoungGen      total 5120K, used 5108K [0x00000000d5580000, 0x00000000d5e00000, 0x0000000100000000)
  eden space 4608K, 99% used [0x00000000d5580000,0x00000000d59fffd8,0x00000000d5a00000)
  from space 512K, 97% used [0x00000000d5d00000,0x00000000d5d7d200,0x00000000d5d80000)
  to   space 512K, 0% used [0x00000000d5d80000,0x00000000d5d80000,0x00000000d5e00000)
 ParOldGen       total 896000K, used 895564K [0x0000000080000000, 0x00000000b6b00000, 0x00000000d5580000)
  object space 896000K, 99% used [0x0000000080000000,0x00000000b6a931e8,0x00000000b6b00000)
 Metaspace       used 83298K, committed 85184K, reserved 1179648K
  class space    used 8330K, committed 9152K, reserved 1048576K
}
Event: 1686.372 GC heap after
{Heap after GC invocations=1608 (full 4):
 PSYoungGen      total 5120K, used 500K [0x00000000d5580000, 0x00000000d5e00000, 0x0000000100000000)
  eden space 4608K, 0% used [0x00000000d5580000,0x00000000d5580000,0x00000000d5a00000)
  from space 512K, 97% used [0x00000000d5d80000,0x00000000d5dfd220,0x00000000d5e00000)
  to   space 1536K, 0% used [0x00000000d5b00000,0x00000000d5b00000,0x00000000d5c80000)
 ParOldGen       total 896512K, used 896120K [0x0000000080000000, 0x00000000b6b80000, 0x00000000d5580000)
  object space 896512K, 99% used [0x0000000080000000,0x00000000b6b1e3f8,0x00000000b6b80000)
 Metaspace       used 83298K, committed 85184K, reserved 1179648K
  class space    used 8330K, committed 9152K, reserved 1048576K
}
Event: 1686.379 GC heap before
{Heap before GC invocations=1609 (full 4):
 PSYoungGen      total 5120K, used 5108K [0x00000000d5580000, 0x00000000d5e00000, 0x0000000100000000)
  eden space 4608K, 100% used [0x00000000d5580000,0x00000000d5a00000,0x00000000d5a00000)
  from space 512K, 97% used [0x00000000d5d80000,0x00000000d5dfd220,0x00000000d5e00000)
  to   space 1536K, 0% used [0x00000000d5b00000,0x00000000d5b00000,0x00000000d5c80000)
 ParOldGen       total 896512K, used 896120K [0x0000000080000000, 0x00000000b6b80000, 0x00000000d5580000)
  object space 896512K, 99% used [0x0000000080000000,0x00000000b6b1e3f8,0x00000000b6b80000)
 Metaspace       used 83298K, committed 85184K, reserved 1179648K
  class space    used 8330K, committed 9152K, reserved 1048576K
}
Event: 1686.380 GC heap after
{Heap after GC invocations=1609 (full 4):
 PSYoungGen      total 6144K, used 544K [0x00000000d5580000, 0x00000000d5e00000, 0x0000000100000000)
  eden space 4608K, 0% used [0x00000000d5580000,0x00000000d5580000,0x00000000d5a00000)
  from space 1536K, 35% used [0x00000000d5b00000,0x00000000d5b88000,0x00000000d5c80000)
  to   space 1024K, 0% used [0x00000000d5d00000,0x00000000d5d00000,0x00000000d5e00000)
 ParOldGen       total 897024K, used 896629K [0x0000000080000000, 0x00000000b6c00000, 0x00000000d5580000)
  object space 897024K, 99% used [0x0000000080000000,0x00000000b6b9d528,0x00000000b6c00000)
 Metaspace       used 83298K, committed 85184K, reserved 1179648K
  class space    used 8330K, committed 9152K, reserved 1048576K
}
Event: 1686.383 GC heap before
{Heap before GC invocations=1610 (full 4):
 PSYoungGen      total 6144K, used 5152K [0x00000000d5580000, 0x00000000d5e00000, 0x0000000100000000)
  eden space 4608K, 100% used [0x00000000d5580000,0x00000000d5a00000,0x00000000d5a00000)
  from space 1536K, 35% used [0x00000000d5b00000,0x00000000d5b88000,0x00000000d5c80000)
  to   space 1024K, 0% used [0x00000000d5d00000,0x00000000d5d00000,0x00000000d5e00000)
 ParOldGen       total 897024K, used 896629K [0x0000000080000000, 0x00000000b6c00000, 0x00000000d5580000)
  object space 897024K, 99% used [0x0000000080000000,0x00000000b6b9d528,0x00000000b6c00000)
 Metaspace       used 83298K, committed 85184K, reserved 1179648K
  class space    used 8330K, committed 9152K, reserved 1048576K
}
Event: 1686.385 GC heap after
{Heap after GC invocations=1610 (full 4):
 PSYoungGen      total 5632K, used 560K [0x00000000d5580000, 0x00000000d5e00000, 0x0000000100000000)
  eden space 4608K, 0% used [0x00000000d5580000,0x00000000d5580000,0x00000000d5a00000)
  from space 1024K, 54% used [0x00000000d5d00000,0x00000000d5d8c010,0x00000000d5e00000)
  to   space 1024K, 0% used [0x00000000d5c00000,0x00000000d5c00000,0x00000000d5d00000)
 ParOldGen       total 897024K, used 897005K [0x0000000080000000, 0x00000000b6c00000, 0x00000000d5580000)
  object space 897024K, 99% used [0x0000000080000000,0x00000000b6bfb568,0x00000000b6c00000)
 Metaspace       used 83298K, committed 85184K, reserved 1179648K
  class space    used 8330K, committed 9152K, reserved 1048576K
}
Event: 1686.390 GC heap before
{Heap before GC invocations=1611 (full 4):
 PSYoungGen      total 5632K, used 5168K [0x00000000d5580000, 0x00000000d5e00000, 0x0000000100000000)
  eden space 4608K, 100% used [0x00000000d5580000,0x00000000d5a00000,0x00000000d5a00000)
  from space 1024K, 54% used [0x00000000d5d00000,0x00000000d5d8c010,0x00000000d5e00000)
  to   space 1024K, 0% used [0x00000000d5c00000,0x00000000d5c00000,0x00000000d5d00000)
 ParOldGen       total 897024K, used 897005K [0x0000000080000000, 0x00000000b6c00000, 0x00000000d5580000)
  object space 897024K, 99% used [0x0000000080000000,0x00000000b6bfb568,0x00000000b6c00000)
 Metaspace       used 83298K, committed 85184K, reserved 1179648K
  class space    used 8330K, committed 9152K, reserved 1048576K
}
Event: 1686.392 GC heap after
{Heap after GC invocations=1611 (full 4):
 PSYoungGen      total 5632K, used 864K [0x00000000d5580000, 0x00000000d5d80000, 0x0000000100000000)
  eden space 4608K, 0% used [0x00000000d5580000,0x00000000d5580000,0x00000000d5a00000)
  from space 1024K, 84% used [0x00000000d5c00000,0x00000000d5cd8000,0x00000000d5d00000)
  to   space 512K, 0% used [0x00000000d5d00000,0x00000000d5d00000,0x00000000d5d80000)
 ParOldGen       total 897536K, used 897309K [0x0000000080000000, 0x00000000b6c80000, 0x00000000d5580000)
  object space 897536K, 99% used [0x0000000080000000,0x00000000b6c47588,0x00000000b6c80000)
 Metaspace       used 83298K, committed 85184K, reserved 1179648K
  class space    used 8330K, committed 9152K, reserved 1048576K
}
Event: 1686.400 GC heap before
{Heap before GC invocations=1612 (full 4):
 PSYoungGen      total 5632K, used 5472K [0x00000000d5580000, 0x00000000d5d80000, 0x0000000100000000)
  eden space 4608K, 100% used [0x00000000d5580000,0x00000000d5a00000,0x00000000d5a00000)
  from space 1024K, 84% used [0x00000000d5c00000,0x00000000d5cd8000,0x00000000d5d00000)
  to   space 512K, 0% used [0x00000000d5d00000,0x00000000d5d00000,0x00000000d5d80000)
 ParOldGen       total 897536K, used 897309K [0x0000000080000000, 0x00000000b6c80000, 0x00000000d5580000)
  object space 897536K, 99% used [0x0000000080000000,0x00000000b6c47588,0x00000000b6c80000)
 Metaspace       used 83298K, committed 85184K, reserved 1179648K
  class space    used 8330K, committed 9152K, reserved 1048576K
}
Event: 1686.401 GC heap after
{Heap after GC invocations=1612 (full 4):
 PSYoungGen      total 5120K, used 500K [0x00000000d5580000, 0x00000000d5d80000, 0x0000000100000000)
  eden space 4608K, 0% used [0x00000000d5580000,0x00000000d5580000,0x00000000d5a00000)
  from space 512K, 97% used [0x00000000d5d00000,0x00000000d5d7d200,0x00000000d5d80000)
  to   space 1536K, 0% used [0x00000000d5a80000,0x00000000d5a80000,0x00000000d5c00000)
 ParOldGen       total 898560K, used 898120K [0x0000000080000000, 0x00000000b6d80000, 0x00000000d5580000)
  object space 898560K, 99% used [0x0000000080000000,0x00000000b6d123b8,0x00000000b6d80000)
 Metaspace       used 83298K, committed 85184K, reserved 1179648K
  class space    used 8330K, committed 9152K, reserved 1048576K
}
Event: 1686.406 GC heap before
{Heap before GC invocations=1613 (full 4):
 PSYoungGen      total 5120K, used 5108K [0x00000000d5580000, 0x00000000d5d80000, 0x0000000100000000)
  eden space 4608K, 100% used [0x00000000d5580000,0x00000000d5a00000,0x00000000d5a00000)
  from space 512K, 97% used [0x00000000d5d00000,0x00000000d5d7d200,0x00000000d5d80000)
  to   space 1536K, 0% used [0x00000000d5a80000,0x00000000d5a80000,0x00000000d5c00000)
 ParOldGen       total 898560K, used 898120K [0x0000000080000000, 0x00000000b6d80000, 0x00000000d5580000)
  object space 898560K, 99% used [0x0000000080000000,0x00000000b6d123b8,0x00000000b6d80000)
 Metaspace       used 83298K, committed 85184K, reserved 1179648K
  class space    used 8330K, committed 9152K, reserved 1048576K
}
Event: 1686.407 GC heap after
{Heap after GC invocations=1613 (full 4):
 PSYoungGen      total 6144K, used 672K [0x00000000d5580000, 0x00000000d5d80000, 0x0000000100000000)
  eden space 4608K, 0% used [0x00000000d5580000,0x00000000d5580000,0x00000000d5a00000)
  from space 1536K, 43% used [0x00000000d5a80000,0x00000000d5b28000,0x00000000d5c00000)
  to   space 1024K, 0% used [0x00000000d5c80000,0x00000000d5c80000,0x00000000d5d80000)
 ParOldGen       total 899072K, used 898581K [0x0000000080000000, 0x00000000b6e00000, 0x00000000d5580000)
  object space 899072K, 99% used [0x0000000080000000,0x00000000b6d855b8,0x00000000b6e00000)
 Metaspace       used 83298K, committed 85184K, reserved 1179648K
  class space    used 8330K, committed 9152K, reserved 1048576K
}
Event: 1686.411 GC heap before
{Heap before GC invocations=1614 (full 4):
 PSYoungGen      total 6144K, used 5280K [0x00000000d5580000, 0x00000000d5d80000, 0x0000000100000000)
  eden space 4608K, 100% used [0x00000000d5580000,0x00000000d5a00000,0x00000000d5a00000)
  from space 1536K, 43% used [0x00000000d5a80000,0x00000000d5b28000,0x00000000d5c00000)
  to   space 1024K, 0% used [0x00000000d5c80000,0x00000000d5c80000,0x00000000d5d80000)
 ParOldGen       total 899072K, used 898581K [0x0000000080000000, 0x00000000b6e00000, 0x00000000d5580000)
  object space 899072K, 99% used [0x0000000080000000,0x00000000b6d855b8,0x00000000b6e00000)
 Metaspace       used 83298K, committed 85184K, reserved 1179648K
  class space    used 8330K, committed 9152K, reserved 1048576K
}
Event: 1686.413 GC heap after
{Heap after GC invocations=1614 (full 4):
 PSYoungGen      total 6144K, used 464K [0x00000000d5580000, 0x00000000d5d00000, 0x0000000100000000)
  eden space 5632K, 0% used [0x00000000d5580000,0x00000000d5580000,0x00000000d5b00000)
  from space 512K, 90% used [0x00000000d5c80000,0x00000000d5cf4010,0x00000000d5d00000)
  to   space 1024K, 0% used [0x00000000d5b00000,0x00000000d5b00000,0x00000000d5c00000)
 ParOldGen       total 899072K, used 899045K [0x0000000080000000, 0x00000000b6e00000, 0x00000000d5580000)
  object space 899072K, 99% used [0x0000000080000000,0x00000000b6df95f8,0x00000000b6e00000)
 Metaspace       used 83298K, committed 85184K, reserved 1179648K
  class space    used 8330K, committed 9152K, reserved 1048576K
}
Event: 1686.418 GC heap before
{Heap before GC invocations=1615 (full 4):
 PSYoungGen      total 6144K, used 6096K [0x00000000d5580000, 0x00000000d5d00000, 0x0000000100000000)
  eden space 5632K, 100% used [0x00000000d5580000,0x00000000d5b00000,0x00000000d5b00000)
  from space 512K, 90% used [0x00000000d5c80000,0x00000000d5cf4010,0x00000000d5d00000)
  to   space 1024K, 0% used [0x00000000d5b00000,0x00000000d5b00000,0x00000000d5c00000)
 ParOldGen       total 899072K, used 899045K [0x0000000080000000, 0x00000000b6e00000, 0x00000000d5580000)
  object space 899072K, 99% used [0x0000000080000000,0x00000000b6df95f8,0x00000000b6e00000)
 Metaspace       used 83298K, committed 85184K, reserved 1179648K
  class space    used 8330K, committed 9152K, reserved 1048576K
}
Event: 1686.420 GC heap after
{Heap after GC invocations=1615 (full 4):
 PSYoungGen      total 6656K, used 768K [0x00000000d5580000, 0x00000000d5e80000, 0x0000000100000000)
  eden space 5632K, 0% used [0x00000000d5580000,0x00000000d5580000,0x00000000d5b00000)
  from space 1024K, 75% used [0x00000000d5b00000,0x00000000d5bc0000,0x00000000d5c00000)
  to   space 1024K, 0% used [0x00000000d5d80000,0x00000000d5d80000,0x00000000d5e80000)
 ParOldGen       total 899584K, used 899365K [0x0000000080000000, 0x00000000b6e80000, 0x00000000d5580000)
  object space 899584K, 99% used [0x0000000080000000,0x00000000b6e49618,0x00000000b6e80000)
 Metaspace       used 83298K, committed 85184K, reserved 1179648K
  class space    used 8330K, committed 9152K, reserved 1048576K
}
Event: 1686.856 GC heap before
{Heap before GC invocations=1616 (full 4):
 PSYoungGen      total 6656K, used 6400K [0x00000000d5580000, 0x00000000d5e80000, 0x0000000100000000)
  eden space 5632K, 100% used [0x00000000d5580000,0x00000000d5b00000,0x00000000d5b00000)
  from space 1024K, 75% used [0x00000000d5b00000,0x00000000d5bc0000,0x00000000d5c00000)
  to   space 1024K, 0% used [0x00000000d5d80000,0x00000000d5d80000,0x00000000d5e80000)
 ParOldGen       total 899584K, used 899365K [0x0000000080000000, 0x00000000b6e80000, 0x00000000d5580000)
  object space 899584K, 99% used [0x0000000080000000,0x00000000b6e49618,0x00000000b6e80000)
 Metaspace       used 83323K, committed 85184K, reserved 1179648K
  class space    used 8330K, committed 9152K, reserved 1048576K
}
Event: 1686.859 GC heap after
{Heap after GC invocations=1616 (full 4):
 PSYoungGen      total 6656K, used 777K [0x00000000d5580000, 0x00000000d5e80000, 0x0000000100000000)
  eden space 5632K, 0% used [0x00000000d5580000,0x00000000d5580000,0x00000000d5b00000)
  from space 1024K, 75% used [0x00000000d5d80000,0x00000000d5e42400,0x00000000d5e80000)
  to   space 1024K, 0% used [0x00000000d5b00000,0x00000000d5b00000,0x00000000d5c00000)
 ParOldGen       total 900096K, used 899925K [0x0000000080000000, 0x00000000b6f00000, 0x00000000d5580000)
  object space 900096K, 99% used [0x0000000080000000,0x00000000b6ed5638,0x00000000b6f00000)
 Metaspace       used 83323K, committed 85184K, reserved 1179648K
  class space    used 8330K, committed 9152K, reserved 1048576K
}

